<?xml version="1.0" encoding="UTF-8"?>
<coverage generated="1671397112465" clover="3.2.0">
  <project timestamp="1671397112465" name="All files">
    <metrics statements="17" coveredstatements="12" conditionals="3" coveredconditionals="1" methods="7" coveredmethods="4" elements="27" coveredelements="17" complexity="0" loc="17" ncloc="17" packages="2" files="2" classes="2"/>
    <package name="driver">
      <metrics statements="8" coveredstatements="4" conditionals="0" coveredconditionals="0" methods="4" coveredmethods="2"/>
      <file name="driver.js" path="/Users/stevenrejdukowski/projects/courses/401/caps/driver/driver.js">
        <metrics statements="8" coveredstatements="4" conditionals="0" coveredconditionals="0" methods="4" coveredmethods="2"/>
        <line num="4" count="1" type="stmt"/>
        <line num="9" count="1" type="stmt"/>
        <line num="10" count="0" type="stmt"/>
        <line num="12" count="0" type="stmt"/>
        <line num="18" count="1" type="stmt"/>
        <line num="19" count="0" type="stmt"/>
        <line num="21" count="0" type="stmt"/>
        <line num="25" count="1" type="stmt"/>
      </file>
    </package>
    <package name="vendor">
      <metrics statements="9" coveredstatements="8" conditionals="3" coveredconditionals="1" methods="3" coveredmethods="2"/>
      <file name="vendor.js" path="/Users/stevenrejdukowski/projects/courses/401/caps/vendor/vendor.js">
        <metrics statements="9" coveredstatements="8" conditionals="3" coveredconditionals="1" methods="3" coveredmethods="2"/>
        <line num="3" count="1" type="stmt"/>
        <line num="4" count="1" type="stmt"/>
        <line num="5" count="1" type="stmt"/>
        <line num="10" count="1" type="cond" truecount="1" falsecount="1"/>
        <line num="16" count="1" type="stmt"/>
        <line num="17" count="1" type="stmt"/>
        <line num="21" count="1" type="stmt"/>
        <line num="22" count="0" type="stmt"/>
        <line num="27" count="1" type="stmt"/>
      </file>
    </package>
  </project>
</coverage>
