<?xml version="1.0" encoding="UTF-8"?>
<coverage generated="1670898972961" clover="3.2.0">
  <project timestamp="1670898972961" name="All files">
    <metrics statements="8" coveredstatements="2" conditionals="0" coveredconditionals="0" methods="3" coveredmethods="0" elements="11" coveredelements="2" complexity="0" loc="8" ncloc="8" packages="1" files="1" classes="1"/>
    <file name="driver.js" path="/Users/stevenrejdukowski/projects/courses/401/caps/driver/driver.js">
      <metrics statements="8" coveredstatements="2" conditionals="0" coveredconditionals="0" methods="3" coveredmethods="0"/>
      <line num="4" count="1" type="stmt"/>
      <line num="6" count="1" type="stmt"/>
      <line num="8" count="0" type="stmt"/>
      <line num="9" count="0" type="stmt"/>
      <line num="11" count="0" type="stmt"/>
      <line num="16" count="0" type="stmt"/>
      <line num="17" count="0" type="stmt"/>
      <line num="19" count="0" type="stmt"/>
    </file>
  </project>
</coverage>
