{"/Users/stevenrejdukowski/projects/courses/401/caps/driver/driver.js": {"path":"/Users/stevenrejdukowski/projects/courses/401/caps/driver/driver.js","statementMap":{"0":{"start":{"line":4,"column":16},"end":{"line":4,"column":39}},"1":{"start":{"line":9,"column":2},"end":{"line":13,"column":11}},"2":{"start":{"line":10,"column":4},"end":{"line":10,"column":87}},"3":{"start":{"line":12,"column":4},"end":{"line":12,"column":39}},"4":{"start":{"line":18,"column":2},"end":{"line":22,"column":11}},"5":{"start":{"line":19,"column":4},"end":{"line":20,"column":6}},"6":{"start":{"line":21,"column":4},"end":{"line":21,"column":41}},"7":{"start":{"line":25,"column":0},"end":{"line":25,"column":50}}},"fnMap":{"0":{"name":"driverPickUp","decl":{"start":{"line":8,"column":9},"end":{"line":8,"column":21}},"loc":{"start":{"line":8,"column":31},"end":{"line":14,"column":1}},"line":8},"1":{"name":"(anonymous_1)","decl":{"start":{"line":9,"column":13},"end":{"line":9,"column":14}},"loc":{"start":{"line":9,"column":19},"end":{"line":13,"column":3}},"line":9},"2":{"name":"driverDelivered","decl":{"start":{"line":17,"column":9},"end":{"line":17,"column":24}},"loc":{"start":{"line":17,"column":34},"end":{"line":23,"column":1}},"line":17},"3":{"name":"(anonymous_3)","decl":{"start":{"line":18,"column":13},"end":{"line":18,"column":14}},"loc":{"start":{"line":18,"column":19},"end":{"line":22,"column":3}},"line":18}},"branchMap":{},"s":{"0":1,"1":1,"2":0,"3":0,"4":1,"5":0,"6":0,"7":1},"f":{"0":1,"1":0,"2":1,"3":0},"b":{},"_coverageSchema":"1a1c01bbd47fc00a2c39e90264f33305004495a9","hash":"1ddf5b4e24d1502aea84453d9f62007057123e4a"}
,"/Users/stevenrejdukowski/projects/courses/401/caps/vendor/vendor.js": {"path":"/Users/stevenrejdukowski/projects/courses/401/caps/vendor/vendor.js","statementMap":{"0":{"start":{"line":3,"column":18},"end":{"line":3,"column":41}},"1":{"start":{"line":4,"column":15},"end":{"line":4,"column":32}},"2":{"start":{"line":5,"column":15},"end":{"line":5,"column":27}},"3":{"start":{"line":10,"column":2},"end":{"line":15,"column":4}},"4":{"start":{"line":16,"column":2},"end":{"line":16,"column":83}},"5":{"start":{"line":17,"column":2},"end":{"line":17,"column":39}},"6":{"start":{"line":21,"column":2},"end":{"line":24,"column":9}},"7":{"start":{"line":22,"column":2},"end":{"line":22,"column":107}},"8":{"start":{"line":27,"column":0},"end":{"line":30,"column":1}}},"fnMap":{"0":{"name":"pickUp","decl":{"start":{"line":9,"column":9},"end":{"line":9,"column":15}},"loc":{"start":{"line":9,"column":33},"end":{"line":18,"column":1}},"line":9},"1":{"name":"delivered","decl":{"start":{"line":20,"column":9},"end":{"line":20,"column":18}},"loc":{"start":{"line":20,"column":29},"end":{"line":25,"column":1}},"line":20},"2":{"name":"(anonymous_2)","decl":{"start":{"line":21,"column":13},"end":{"line":21,"column":14}},"loc":{"start":{"line":21,"column":19},"end":{"line":24,"column":1}},"line":21}},"branchMap":{"0":{"loc":{"start":{"line":9,"column":17},"end":{"line":9,"column":31}},"type":"default-arg","locations":[{"start":{"line":9,"column":27},"end":{"line":9,"column":31}}],"line":9},"1":{"loc":{"start":{"line":10,"column":12},"end":{"line":15,"column":3}},"type":"cond-expr","locations":[{"start":{"line":10,"column":22},"end":{"line":10,"column":29}},{"start":{"line":10,"column":32},"end":{"line":15,"column":3}}],"line":10}},"s":{"0":1,"1":1,"2":1,"3":1,"4":1,"5":1,"6":1,"7":0,"8":1},"f":{"0":1,"1":1,"2":0},"b":{"0":[0],"1":[1,0]},"_coverageSchema":"1a1c01bbd47fc00a2c39e90264f33305004495a9","hash":"1f1c1fe1db638ca06c4ca78e83460e8cb08bcdd5"}
}
