TN:
SF:driver/driver.js
FN:8,driverPickUp
FN:9,(anonymous_1)
FN:17,driverDelivered
FN:18,(anonymous_3)
FNF:4
FNH:2
FNDA:1,driverPickUp
FNDA:0,(anonymous_1)
FNDA:1,driverDelivered
FNDA:0,(anonymous_3)
DA:4,1
DA:9,1
DA:10,0
DA:12,0
DA:18,1
DA:19,0
DA:21,0
DA:25,1
LF:8
LH:4
BRF:0
BRH:0
end_of_record
TN:
SF:vendor/vendor.js
FN:9,pickUp
FN:20,delivered
FN:21,(anonymous_2)
FNF:3
FNH:2
FNDA:1,pickUp
FNDA:1,delivered
FNDA:0,(anonymous_2)
DA:3,1
DA:4,1
DA:5,1
DA:10,1
DA:16,1
DA:17,1
DA:21,1
DA:22,0
DA:27,1
LF:9
LH:8
BRDA:9,0,0,0
BRDA:10,1,0,1
BRDA:10,1,1,0
BRF:3
BRH:1
end_of_record
